<?xml version="1.0" encoding="UTF-8"?>
<testng-results ignored="0" total="3" passed="3" failed="0" skipped="0">
  <reporter-output>
  </reporter-output>
  <suite started-at="2024-02-03T12:44:04 IST" name="Default suite" finished-at="2024-02-03T12:45:28 IST" duration-ms="84526">
    <groups>
    </groups>
    <test started-at="2024-02-03T12:44:04 IST" name="Default test" finished-at="2024-02-03T12:45:28 IST" duration-ms="84526">
      <class name="testScript.AmriHospitalTest">
        <test-method is-config="true" signature="setupBrowser()[pri:0, instance:testScript.AmriHospitalTest@7b36aa0c]" started-at="2024-02-03T12:44:04 IST" name="setupBrowser" finished-at="2024-02-03T12:44:17 IST" duration-ms="12903" status="PASS">
          <reporter-output>
          </reporter-output>
        </test-method> <!-- setupBrowser -->
        <test-method is-config="true" signature="login()[pri:0, instance:testScript.AmriHospitalTest@7b36aa0c]" started-at="2024-02-03T12:44:17 IST" name="login" finished-at="2024-02-03T12:44:20 IST" duration-ms="3308" status="PASS">
          <reporter-output>
          </reporter-output>
        </test-method> <!-- login -->
        <test-method signature="addContactTest()[pri:0, instance:testScript.AmriHospitalTest@7b36aa0c]" started-at="2024-02-03T12:44:20 IST" name="addContactTest" finished-at="2024-02-03T12:44:43 IST" duration-ms="22375" status="PASS">
          <reporter-output>
          </reporter-output>
        </test-method> <!-- addContactTest -->
        <test-method is-config="true" signature="logout()[pri:0, instance:testScript.AmriHospitalTest@7b36aa0c]" started-at="2024-02-03T12:44:43 IST" name="logout" finished-at="2024-02-03T12:44:44 IST" duration-ms="1337" status="PASS">
          <reporter-output>
          </reporter-output>
        </test-method> <!-- logout -->
        <test-method is-config="true" signature="login()[pri:0, instance:testScript.AmriHospitalTest@7b36aa0c]" started-at="2024-02-03T12:44:44 IST" name="login" finished-at="2024-02-03T12:44:46 IST" duration-ms="1813" status="PASS">
          <reporter-output>
          </reporter-output>
        </test-method> <!-- login -->
        <test-method signature="editContactTest()[pri:0, instance:testScript.AmriHospitalTest@7b36aa0c]" started-at="2024-02-03T12:44:46 IST" name="editContactTest" finished-at="2024-02-03T12:45:10 IST" depends-on-methods="testScript.AmriHospitalTest.addContactTest" duration-ms="23584" status="PASS">
          <reporter-output>
          </reporter-output>
        </test-method> <!-- editContactTest -->
        <test-method is-config="true" signature="logout()[pri:0, instance:testScript.AmriHospitalTest@7b36aa0c]" started-at="2024-02-03T12:45:10 IST" name="logout" finished-at="2024-02-03T12:45:10 IST" duration-ms="591" status="PASS">
          <reporter-output>
          </reporter-output>
        </test-method> <!-- logout -->
        <test-method is-config="true" signature="login()[pri:0, instance:testScript.AmriHospitalTest@7b36aa0c]" started-at="2024-02-03T12:45:10 IST" name="login" finished-at="2024-02-03T12:45:12 IST" duration-ms="1722" status="PASS">
          <reporter-output>
          </reporter-output>
        </test-method> <!-- login -->
        <test-method signature="deleteContactTest()[pri:0, instance:testScript.AmriHospitalTest@7b36aa0c]" started-at="2024-02-03T12:45:12 IST" name="deleteContactTest" finished-at="2024-02-03T12:45:27 IST" depends-on-methods="testScript.AmriHospitalTest.editContactTest, testScript.AmriHospitalTest.addContactTest" duration-ms="15427" status="PASS">
          <reporter-output>
          </reporter-output>
        </test-method> <!-- deleteContactTest -->
        <test-method is-config="true" signature="logout()[pri:0, instance:testScript.AmriHospitalTest@7b36aa0c]" started-at="2024-02-03T12:45:27 IST" name="logout" finished-at="2024-02-03T12:45:28 IST" duration-ms="1135" status="FAIL">
          <exception class="org.openqa.selenium.ElementClickInterceptedException">
            <message>
              <![CDATA[element click intercepted: Element <a class="nav-link navbar-avatar" data-toggle="dropdown" href="#" aria-expanded="false" data-animation="scale-up" role="button">...</a> is not clickable at point (1409, 30). Other element would receive the click: <div class="modal-backdrop fade in"></div>
  (Session info: chrome=121.0.6167.139)
Build info: version: '4.15.0', revision: '1d14b5521b'
System info: os.name: 'Mac OS X', os.arch: 'x86_64', os.version: '13.6.4', java.version: '19.0.2'
Driver info: org.openqa.selenium.chrome.ChromeDriver
Command: [a1f813e778467822174e40c5e8907d51, clickElement {id=8936E28310EE1E0BCD04AFA494701FB7_element_964}]
Capabilities {acceptInsecureCerts: false, browserName: chrome, browserVersion: 121.0.6167.139, chrome: {chromedriverVersion: 121.0.6167.85 (3f98d690ad7e..., userDataDir: /var/folders/qc/yvwx7y4x2bd...}, fedcm:accounts: true, goog:chromeOptions: {debuggerAddress: localhost:49355}, networkConnectionEnabled: false, pageLoadStrategy: normal, platformName: mac, proxy: Proxy(), se:cdp: ws://localhost:49355/devtoo..., se:cdpVersion: 121.0.6167.139, setWindowRect: true, strictFileInteractability: false, timeouts: {implicit: 0, pageLoad: 300000, script: 30000}, unhandledPromptBehavior: dismiss and notify, webauthn:extension:credBlob: true, webauthn:extension:largeBlob: true, webauthn:extension:minPinLength: true, webauthn:extension:prf: true, webauthn:virtualAuthenticators: true}
Element: [[ChromeDriver: chrome on mac (a1f813e778467822174e40c5e8907d51)] -> xpath: //a[@class='nav-link navbar-avatar']]
Session ID: a1f813e778467822174e40c5e8907d51]]>
            </message>
            <full-stacktrace>
              <![CDATA[org.openqa.selenium.ElementClickInterceptedException: element click intercepted: Element <a class="nav-link navbar-avatar" data-toggle="dropdown" href="#" aria-expanded="false" data-animation="scale-up" role="button">...</a> is not clickable at point (1409, 30). Other element would receive the click: <div class="modal-backdrop fade in"></div>
  (Session info: chrome=121.0.6167.139)
Build info: version: '4.15.0', revision: '1d14b5521b'
System info: os.name: 'Mac OS X', os.arch: 'x86_64', os.version: '13.6.4', java.version: '19.0.2'
Driver info: org.openqa.selenium.chrome.ChromeDriver
Command: [a1f813e778467822174e40c5e8907d51, clickElement {id=8936E28310EE1E0BCD04AFA494701FB7_element_964}]
Capabilities {acceptInsecureCerts: false, browserName: chrome, browserVersion: 121.0.6167.139, chrome: {chromedriverVersion: 121.0.6167.85 (3f98d690ad7e..., userDataDir: /var/folders/qc/yvwx7y4x2bd...}, fedcm:accounts: true, goog:chromeOptions: {debuggerAddress: localhost:49355}, networkConnectionEnabled: false, pageLoadStrategy: normal, platformName: mac, proxy: Proxy(), se:cdp: ws://localhost:49355/devtoo..., se:cdpVersion: 121.0.6167.139, setWindowRect: true, strictFileInteractability: false, timeouts: {implicit: 0, pageLoad: 300000, script: 30000}, unhandledPromptBehavior: dismiss and notify, webauthn:extension:credBlob: true, webauthn:extension:largeBlob: true, webauthn:extension:minPinLength: true, webauthn:extension:prf: true, webauthn:virtualAuthenticators: true}
Element: [[ChromeDriver: chrome on mac (a1f813e778467822174e40c5e8907d51)] -> xpath: //a[@class='nav-link navbar-avatar']]
Session ID: a1f813e778467822174e40c5e8907d51
at java.base/jdk.internal.reflect.DirectConstructorHandleAccessor.newInstance(DirectConstructorHandleAccessor.java:67)
at java.base/java.lang.reflect.Constructor.newInstanceWithCaller(Constructor.java:500)
at java.base/java.lang.reflect.Constructor.newInstance(Constructor.java:484)
at org.openqa.selenium.remote.codec.w3c.W3CHttpResponseCodec.createException(W3CHttpResponseCodec.java:200)
at org.openqa.selenium.remote.codec.w3c.W3CHttpResponseCodec.decode(W3CHttpResponseCodec.java:133)
at org.openqa.selenium.remote.codec.w3c.W3CHttpResponseCodec.decode(W3CHttpResponseCodec.java:52)
at org.openqa.selenium.remote.HttpCommandExecutor.execute(HttpCommandExecutor.java:191)
at org.openqa.selenium.remote.service.DriverCommandExecutor.invokeExecute(DriverCommandExecutor.java:200)
at org.openqa.selenium.remote.service.DriverCommandExecutor.execute(DriverCommandExecutor.java:175)
at org.openqa.selenium.remote.RemoteWebDriver.execute(RemoteWebDriver.java:607)
at org.openqa.selenium.remote.RemoteWebElement.execute(RemoteWebElement.java:224)
at org.openqa.selenium.remote.RemoteWebElement.click(RemoteWebElement.java:77)
at GenericUtility.BaseTest.logout(BaseTest.java:37)
at java.base/jdk.internal.reflect.DirectMethodHandleAccessor.invoke(DirectMethodHandleAccessor.java:104)
at java.base/java.lang.reflect.Method.invoke(Method.java:578)
at org.testng.internal.invokers.MethodInvocationHelper.invokeMethod(MethodInvocationHelper.java:139)
at org.testng.internal.invokers.MethodInvocationHelper.invokeMethodConsideringTimeout(MethodInvocationHelper.java:69)
at org.testng.internal.invokers.ConfigInvoker.invokeConfigurationMethod(ConfigInvoker.java:361)
at org.testng.internal.invokers.ConfigInvoker.invokeConfigurations(ConfigInvoker.java:296)
at org.testng.internal.invokers.TestInvoker.runConfigMethods(TestInvoker.java:823)
at org.testng.internal.invokers.TestInvoker.runAfterConfigurations(TestInvoker.java:792)
at org.testng.internal.invokers.TestInvoker.invokeMethod(TestInvoker.java:768)
at org.testng.internal.invokers.TestInvoker.invokeTestMethod(TestInvoker.java:221)
at org.testng.internal.invokers.MethodRunner.runInSequence(MethodRunner.java:50)
at org.testng.internal.invokers.TestInvoker$MethodInvocationAgent.invoke(TestInvoker.java:969)
at org.testng.internal.invokers.TestInvoker.invokeTestMethods(TestInvoker.java:194)
at org.testng.internal.invokers.TestMethodWorker.invokeTestMethods(TestMethodWorker.java:148)
at org.testng.internal.invokers.TestMethodWorker.run(TestMethodWorker.java:128)
at java.base/java.util.ArrayList.forEach(ArrayList.java:1511)
at org.testng.TestRunner.privateRun(TestRunner.java:829)
at org.testng.TestRunner.run(TestRunner.java:602)
at org.testng.SuiteRunner.runTest(SuiteRunner.java:437)
at org.testng.SuiteRunner.runSequentially(SuiteRunner.java:431)
at org.testng.SuiteRunner.privateRun(SuiteRunner.java:391)
at org.testng.SuiteRunner.run(SuiteRunner.java:330)
at org.testng.SuiteRunnerWorker.runSuite(SuiteRunnerWorker.java:52)
at org.testng.SuiteRunnerWorker.run(SuiteRunnerWorker.java:95)
at org.testng.TestNG.runSuitesSequentially(TestNG.java:1256)
at org.testng.TestNG.runSuitesLocally(TestNG.java:1176)
at org.testng.TestNG.runSuites(TestNG.java:1099)
at org.testng.TestNG.run(TestNG.java:1067)
at org.testng.remote.AbstractRemoteTestNG.run(AbstractRemoteTestNG.java:115)
at org.testng.remote.RemoteTestNG.initAndRun(RemoteTestNG.java:251)
at org.testng.remote.RemoteTestNG.main(RemoteTestNG.java:77)
]]>
            </full-stacktrace>
          </exception> <!-- org.openqa.selenium.ElementClickInterceptedException -->
          <reporter-output>
          </reporter-output>
        </test-method> <!-- logout -->
        <test-method is-config="true" signature="closeBrowser()[pri:0, instance:testScript.AmriHospitalTest@7b36aa0c]" started-at="2024-02-03T12:45:28 IST" name="closeBrowser" finished-at="2024-02-03T12:45:28 IST" duration-ms="0" status="SKIP">
          <reporter-output>
          </reporter-output>
        </test-method> <!-- closeBrowser -->
      </class> <!-- testScript.AmriHospitalTest -->
    </test> <!-- Default test -->
  </suite> <!-- Default suite -->
</testng-results>
